[Log] act true anomaly: 114.057337680348 (ground_track.js, line 88)
[Log] est true anomaly: 114.05733768034798 (ground_track.js, line 89)
[Log] Act PQW:{"p":-343665.0429066235,"q":769810.1209262811,"w":0} (ground_track.js, line 105)
[Log] Est PQW:{"p":-343665.0429066233,"q":769810.1209262811,"w":0} (ground_track.js, line 106)
[Log] Act IJK:{"i":600649.5253100278,"j":-56357.08686365298,"k":588861.0281735648} (ground_track.js, line 108)
[Log] Est IJK:{"i":600649.5253100276,"j":-56357.08686365315,"k":588861.0281735648} (ground_track.js, line 109)
[Log] act: (44,-166) (ground_track.js, line 110)
[Log] est: (44,-166) (ground_track.js, line 111)
[Log] ---- (ground_track.js, line 112)
[Log] act true anomaly: 114.057337680348 (ground_track.js, line 88)
[Log] est true anomaly: 115.0101801307725 (ground_track.js, line 89)
[Log] Act PQW:{"p":-343665.0429066235,"q":769810.1209262811,"w":0} (ground_track.js, line 105)
[Log] Est PQW:{"p":-357187.3338375068,"q":765635.5159937268,"w":0} (ground_track.js, line 106)
[Log] Act IJK:{"i":600649.5253100278,"j":-56357.08686365298,"k":588861.0281735648} (ground_track.js, line 108)
[Log] Est IJK:{"i":606854.2202270357,"j":-43928.7402813682,"k":586155.9143904082} (ground_track.js, line 109)
[Log] act: (44,-166) (ground_track.js, line 110)
[Log] est: (44,-165) (ground_track.js, line 111)
[Log] ---- (ground_track.js, line 112)


-------------------------------------

[Log] act true anomaly: 230.564835549741 (ground_track.js, line 88)
[Log] est true anomaly: -129.435164450259 (ground_track.js, line 89)
[Log] Act PQW:{"p":-553405.7492129491,"q":-672884.7787890362,"w":0} (ground_track.js, line 105)
[Log] Est PQW:{"p":-553405.7492129488,"q":-672884.7787890363,"w":0} (ground_track.js, line 106)
[Log] Act IJK:{"i":42.1430769811268,"j":721978.257595544,"k":-487626.12991017936} (ground_track.js, line 108)
[Log] Est IJK:{"i":42.14307698095217,"j":721978.2575955437,"k":-487626.1299101794} (ground_track.js, line 109)
[Log] act: (-34,62) (ground_track.js, line 110)
[Log] est: (-34,62) (ground_track.js, line 111)
[Log] ---- (ground_track.js, line 112)
[Log] act true anomaly: 230.564835549741 (ground_track.js, line 88)
[Log] est true anomaly: -128.51130658240538 (ground_track.js, line 89)
[Log] Act PQW:{"p":-553405.7492129491,"q":-672884.7787890362,"w":0} (ground_track.js, line 105)
[Log] Est PQW:{"p":-541487.1145814239,"q":-680466.9303671767,"w":0} (ground_track.js, line 106)
[Log] Act IJK:{"i":42.1430769811268,"j":721978.257595544,"k":-487626.12991017936} (ground_track.js, line 108)
[Log] Est IJK:{"i":-11121.913111936825,"j":715809.5252269297,"k":-493696.8353394339} (ground_track.js, line 109)
[Log] act: (-34,62) (ground_track.js, line 110)
[Log] est: (-35,-117) (ground_track.js, line 111)
[Log] ---- (ground_track.js, line 112)